<?xml version="1.0" encoding="UTF-8"?>
<!-- Generated by org.testng.reporters.JUnitXMLReporter -->
<testsuite ignored="0" hostname="DESKTOP-7F44H94" failures="1" tests="2" name="ErrorValidationTest" time="15.284" errors="0" timestamp="30 Dec 2023 06:00:35 GMT">
  <testcase classname="com.testngframework.E_Cart_Product_ErrorValidation" name="loginErrorValidation" time="0.428"/>
  <testcase classname="com.testngframework.E_Cart_Product_ErrorValidation" name="productErrorValidation" time="7.057">
    <failure type="java.lang.AssertionError" message="expected [true] but found [false]">
      <![CDATA[java.lang.AssertionError: expected [true] but found [false]
at com.testngframework.E_Cart_Product_ErrorValidation.productErrorValidation(E_Cart_Product_ErrorValidation.java:51)
... Removed 29 stack frames]]>
    </failure>
  </testcase> <!-- productErrorValidation -->
</testsuite> <!-- ErrorValidationTest -->
