<?xml version="1.0" encoding="UTF-8"?>
<testng-results ignored="0" total="5" passed="4" failed="1" skipped="0">
  <reporter-output>
  </reporter-output>
  <suite started-at="2023-12-30T05:59:49Z" name="Suite" finished-at="2023-12-30T06:00:35Z" duration-ms="45334">
    <groups>
    </groups>
    <test started-at="2023-12-30T05:59:49Z" name="ProdouctPurchase" finished-at="2023-12-30T06:00:19Z" duration-ms="29450">
      <class name="com.testngframework.E_Cart_Product_Selection_JsonData">
        <test-method is-config="true" signature="launchApplication()[pri:0, instance:com.testngframework.E_Cart_Product_Selection_JsonData@4c4d27c8]" started-at="2023-12-30T05:59:49Z" name="launchApplication" finished-at="2023-12-30T05:59:55Z" duration-ms="5188" status="PASS">
          <reporter-output>
          </reporter-output>
        </test-method> <!-- launchApplication -->
        <test-method signature="SubmitOrder(java.util.HashMap)[pri:0, instance:com.testngframework.E_Cart_Product_Selection_JsonData@4c4d27c8]" started-at="2023-12-30T05:59:55Z" name="SubmitOrder" data-provider="getData" finished-at="2023-12-30T06:00:03Z" duration-ms="8020" status="PASS">
          <params>
            <param index="0">
              <value>
                <![CDATA[{password=Selvam@18, email=jackmavles@gmail.com, productName=ZARA COAT 3}]]>
              </value>
            </param>
          </params>
          <reporter-output>
          </reporter-output>
        </test-method> <!-- SubmitOrder -->
        <test-method is-config="true" signature="tearDown()[pri:0, instance:com.testngframework.E_Cart_Product_Selection_JsonData@4c4d27c8]" started-at="2023-12-30T06:00:03Z" name="tearDown" finished-at="2023-12-30T06:00:03Z" duration-ms="96" status="PASS">
          <reporter-output>
          </reporter-output>
        </test-method> <!-- tearDown -->
        <test-method is-config="true" signature="launchApplication()[pri:0, instance:com.testngframework.E_Cart_Product_Selection_JsonData@4c4d27c8]" started-at="2023-12-30T06:00:03Z" name="launchApplication" finished-at="2023-12-30T06:00:05Z" duration-ms="2246" status="PASS">
          <reporter-output>
          </reporter-output>
        </test-method> <!-- launchApplication -->
        <test-method signature="SubmitOrder(java.util.HashMap)[pri:0, instance:com.testngframework.E_Cart_Product_Selection_JsonData@4c4d27c8]" started-at="2023-12-30T06:00:05Z" name="SubmitOrder" data-provider="getData" finished-at="2023-12-30T06:00:14Z" duration-ms="9178" status="PASS">
          <params>
            <param index="0">
              <value>
                <![CDATA[{password=Selvam@18, email=jackmavles@gmail.com, productName=ADIDAS ORIGINAL}]]>
              </value>
            </param>
          </params>
          <reporter-output>
          </reporter-output>
        </test-method> <!-- SubmitOrder -->
        <test-method is-config="true" signature="tearDown()[pri:0, instance:com.testngframework.E_Cart_Product_Selection_JsonData@4c4d27c8]" started-at="2023-12-30T06:00:14Z" name="tearDown" finished-at="2023-12-30T06:00:14Z" duration-ms="101" status="PASS">
          <reporter-output>
          </reporter-output>
        </test-method> <!-- tearDown -->
        <test-method is-config="true" signature="launchApplication()[pri:0, instance:com.testngframework.E_Cart_Product_Selection_JsonData@4c4d27c8]" started-at="2023-12-30T06:00:14Z" name="launchApplication" finished-at="2023-12-30T06:00:18Z" duration-ms="3629" status="PASS">
          <reporter-output>
          </reporter-output>
        </test-method> <!-- launchApplication -->
        <test-method signature="orderHistoryTest()[pri:0, instance:com.testngframework.E_Cart_Product_Selection_JsonData@4c4d27c8]" started-at="2023-12-30T06:00:18Z" name="orderHistoryTest" finished-at="2023-12-30T06:00:19Z" depends-on-methods="com.testngframework.E_Cart_Product_Selection_JsonData.SubmitOrder" duration-ms="676" status="PASS">
          <reporter-output>
          </reporter-output>
        </test-method> <!-- orderHistoryTest -->
        <test-method is-config="true" signature="tearDown()[pri:0, instance:com.testngframework.E_Cart_Product_Selection_JsonData@4c4d27c8]" started-at="2023-12-30T06:00:19Z" name="tearDown" finished-at="2023-12-30T06:00:19Z" duration-ms="116" status="PASS">
          <reporter-output>
          </reporter-output>
        </test-method> <!-- tearDown -->
      </class> <!-- com.testngframework.E_Cart_Product_Selection_JsonData -->
    </test> <!-- ProdouctPurchase -->
    <test started-at="2023-12-30T06:00:19Z" name="ErrorValidationTest" finished-at="2023-12-30T06:00:35Z" duration-ms="15284">
      <class name="com.testngframework.E_Cart_Product_ErrorValidation">
        <test-method is-config="true" signature="launchApplication()[pri:0, instance:com.testngframework.E_Cart_Product_ErrorValidation@12bcd0c0]" started-at="2023-12-30T06:00:19Z" name="launchApplication" finished-at="2023-12-30T06:00:23Z" duration-ms="3689" status="PASS">
          <reporter-output>
          </reporter-output>
        </test-method> <!-- launchApplication -->
        <test-method signature="loginErrorValidation()[pri:0, instance:com.testngframework.E_Cart_Product_ErrorValidation@12bcd0c0]" started-at="2023-12-30T06:00:23Z" name="loginErrorValidation" finished-at="2023-12-30T06:00:23Z" duration-ms="428" status="PASS">
          <reporter-output>
          </reporter-output>
        </test-method> <!-- loginErrorValidation -->
        <test-method is-config="true" signature="tearDown()[pri:0, instance:com.testngframework.E_Cart_Product_ErrorValidation@12bcd0c0]" started-at="2023-12-30T06:00:23Z" name="tearDown" finished-at="2023-12-30T06:00:23Z" duration-ms="111" status="PASS">
          <reporter-output>
          </reporter-output>
        </test-method> <!-- tearDown -->
        <test-method is-config="true" signature="launchApplication()[pri:0, instance:com.testngframework.E_Cart_Product_ErrorValidation@12bcd0c0]" started-at="2023-12-30T06:00:23Z" name="launchApplication" finished-at="2023-12-30T06:00:27Z" duration-ms="3609" status="PASS">
          <reporter-output>
          </reporter-output>
        </test-method> <!-- launchApplication -->
        <test-method signature="productErrorValidation()[pri:0, instance:com.testngframework.E_Cart_Product_ErrorValidation@12bcd0c0]" started-at="2023-12-30T06:00:27Z" name="productErrorValidation" finished-at="2023-12-30T06:00:34Z" duration-ms="7057" status="FAIL">
          <exception class="java.lang.AssertionError">
            <message>
              <![CDATA[expected [true] but found [false]]]>
            </message>
            <full-stacktrace>
              <![CDATA[java.lang.AssertionError: expected [true] but found [false]
at org.testng.Assert.fail(Assert.java:96)
at org.testng.Assert.failNotEquals(Assert.java:776)
at org.testng.Assert.assertTrue(Assert.java:44)
at org.testng.Assert.assertTrue(Assert.java:54)
at com.testngframework.E_Cart_Product_ErrorValidation.productErrorValidation(E_Cart_Product_ErrorValidation.java:51)
at java.base/jdk.internal.reflect.NativeMethodAccessorImpl.invoke0(Native Method)
at java.base/jdk.internal.reflect.NativeMethodAccessorImpl.invoke(NativeMethodAccessorImpl.java:64)
at java.base/jdk.internal.reflect.DelegatingMethodAccessorImpl.invoke(DelegatingMethodAccessorImpl.java:43)
at java.base/java.lang.reflect.Method.invoke(Method.java:564)
at org.testng.internal.MethodInvocationHelper.invokeMethod(MethodInvocationHelper.java:124)
at org.testng.internal.Invoker.invokeMethod(Invoker.java:583)
at org.testng.internal.Invoker.invokeTestMethod(Invoker.java:719)
at org.testng.internal.Invoker.invokeTestMethods(Invoker.java:989)
at org.testng.internal.TestMethodWorker.invokeTestMethods(TestMethodWorker.java:125)
at org.testng.internal.TestMethodWorker.run(TestMethodWorker.java:109)
at org.testng.TestRunner.privateRun(TestRunner.java:648)
at org.testng.TestRunner.run(TestRunner.java:505)
at org.testng.SuiteRunner.runTest(SuiteRunner.java:455)
at org.testng.SuiteRunner.runSequentially(SuiteRunner.java:450)
at org.testng.SuiteRunner.privateRun(SuiteRunner.java:415)
at org.testng.SuiteRunner.run(SuiteRunner.java:364)
at org.testng.SuiteRunnerWorker.runSuite(SuiteRunnerWorker.java:52)
at org.testng.SuiteRunnerWorker.run(SuiteRunnerWorker.java:84)
at org.testng.TestNG.runSuitesSequentially(TestNG.java:1208)
at org.testng.TestNG.runSuitesLocally(TestNG.java:1137)
at org.testng.TestNG.runSuites(TestNG.java:1049)
at org.testng.TestNG.run(TestNG.java:1017)
at org.testng.remote.AbstractRemoteTestNG.run(AbstractRemoteTestNG.java:115)
at org.testng.remote.RemoteTestNG.initAndRun(RemoteTestNG.java:251)
at org.testng.remote.RemoteTestNG.main(RemoteTestNG.java:77)
]]>
            </full-stacktrace>
          </exception> <!-- java.lang.AssertionError -->
          <reporter-output>
          </reporter-output>
        </test-method> <!-- productErrorValidation -->
        <test-method is-config="true" signature="tearDown()[pri:0, instance:com.testngframework.E_Cart_Product_ErrorValidation@12bcd0c0]" started-at="2023-12-30T06:00:34Z" name="tearDown" finished-at="2023-12-30T06:00:35Z" duration-ms="138" status="PASS">
          <reporter-output>
          </reporter-output>
        </test-method> <!-- tearDown -->
      </class> <!-- com.testngframework.E_Cart_Product_ErrorValidation -->
    </test> <!-- ErrorValidationTest -->
  </suite> <!-- Suite -->
</testng-results>
